error[E0425]: cannot find value `x` in this scope
 --> tests/ui/inject_constructor/unknown_fields.rs:3:10
  |
3 | #[derive(Inject)]
  |          ^^^^^^ help: a local variable with a similar name exists: `a`
  |
  = note: this error originates in the derive macro `Inject` (in Nightly builds, run with -Z macro-backtrace for more info)

error[E0425]: cannot find value `y` in this scope
 --> tests/ui/inject_constructor/unknown_fields.rs:3:10
  |
3 | #[derive(Inject)]
  |          ^^^^^^ help: a local variable with a similar name exists: `a`
  |
  = note: this error originates in the derive macro `Inject` (in Nightly builds, run with -Z macro-backtrace for more info)
